<?xml version="1.0" encoding="UTF-8"?>
<testsuite name="TestSuite" time="0.585" tests="4" errors="0" skipped="0" failures="0">
  <properties>
[...]
</properties>
  <testcase name="testcase1" classname="com.chen.autocases.TestDemo" time="0.002"/>
  <testcase name="testcase2" classname="com.chen.autocases.TestDemo" time="0"/>
  <testcase name="testHttp1" classname="http.chen.autocases.TestHttpRequest" time="0.207"/>
  <testcase name="testHttpPost" classname="http.chen.autocases.TestHttpRequest" time="0.376"/>
</testsuite>