<?xml version="1.0" encoding="UTF-8"?>
<!-- Generated by org.testng.reporters.JUnitXMLReporter -->
<testsuite hostname="AUTOBVT-Q2JSAKP" ignored="0" name="Testngpro" tests="2" failures="1" timestamp="20 四月 2019 11:40:16 GMT" time="0.037" errors="0">
  <testcase name="testcase1" time="0.011" classname="com.chen.autocases.TestDemo">
    <failure type="java.lang.AssertionError" message="expected [true] but found [false]">
      <![CDATA[java.lang.AssertionError: expected [true] but found [false]
at com.chen.autocases.TestDemo.testcase1(TestDemo.java:11)
... Removed 28 stack frames]]>
    </failure>
  </testcase> <!-- testcase1 -->
  <testcase name="testcase2" time="0.0" classname="com.chen.autocases.TestDemo"/>
</testsuite> <!-- Testngpro -->
